<?xml version="1.0" encoding="UTF-8"?>
<coverage generated="1745196274008" clover="3.2.0">
  <project timestamp="1745196274008" name="All files">
    <metrics statements="54" coveredstatements="49" conditionals="12" coveredconditionals="8" methods="19" coveredmethods="18" elements="85" coveredelements="75" complexity="0" loc="54" ncloc="54" packages="2" files="7" classes="7"/>
    <package name="src">
      <metrics statements="22" coveredstatements="21" conditionals="2" coveredconditionals="1" methods="7" coveredmethods="6"/>
      <file name="App.jsx" path="/Users/teal/meet/src/App.jsx">
        <metrics statements="15" coveredstatements="14" conditionals="2" coveredconditionals="1" methods="4" coveredmethods="3"/>
        <line num="10" count="3" type="stmt"/>
        <line num="11" count="13" type="stmt"/>
        <line num="12" count="12" type="stmt"/>
        <line num="13" count="12" type="stmt"/>
        <line num="14" count="12" type="stmt"/>
        <line num="15" count="12" type="stmt"/>
        <line num="19" count="12" type="stmt"/>
        <line num="20" count="8" type="stmt"/>
        <line num="24" count="12" type="stmt"/>
        <line num="25" count="8" type="stmt"/>
        <line num="26" count="8" type="cond" truecount="1" falsecount="1"/>
        <line num="28" count="0" type="stmt"/>
        <line num="29" count="8" type="stmt"/>
        <line num="30" count="8" type="stmt"/>
        <line num="34" count="12" type="stmt"/>
      </file>
      <file name="api.js" path="/Users/teal/meet/src/api.js">
        <metrics statements="6" coveredstatements="6" conditionals="0" coveredconditionals="0" methods="3" coveredmethods="3"/>
        <line num="12" count="3" type="stmt"/>
        <line num="13" count="297" type="stmt"/>
        <line num="14" count="9" type="stmt"/>
        <line num="15" count="9" type="stmt"/>
        <line num="23" count="3" type="stmt"/>
        <line num="24" count="11" type="stmt"/>
      </file>
      <file name="mock-data.js" path="/Users/teal/meet/src/mock-data.js">
        <metrics statements="1" coveredstatements="1" conditionals="0" coveredconditionals="0" methods="0" coveredmethods="0"/>
        <line num="1" count="3" type="stmt"/>
      </file>
    </package>
    <package name="src.components">
      <metrics statements="32" coveredstatements="28" conditionals="10" coveredconditionals="7" methods="12" coveredmethods="12"/>
      <file name="CitySearch.jsx" path="/Users/teal/meet/src/components/CitySearch.jsx">
        <metrics statements="22" coveredstatements="18" conditionals="8" coveredconditionals="5" methods="7" coveredmethods="7"/>
        <line num="5" count="3" type="stmt"/>
        <line num="6" count="72" type="stmt"/>
        <line num="7" count="72" type="stmt"/>
        <line num="8" count="72" type="stmt"/>
        <line num="11" count="72" type="stmt"/>
        <line num="12" count="32" type="cond" truecount="1" falsecount="1"/>
        <line num="15" count="72" type="stmt"/>
        <line num="16" count="6" type="stmt"/>
        <line num="17" count="6" type="stmt"/>
        <line num="19" count="6" type="cond" truecount="1" falsecount="1"/>
        <line num="21" count="12" type="stmt"/>
        <line num="25" count="6" type="stmt"/>
        <line num="27" count="6" type="stmt"/>
        <line num="34" count="72" type="stmt"/>
        <line num="35" count="1" type="stmt"/>
        <line num="36" count="0" type="stmt"/>
        <line num="37" count="0" type="stmt"/>
        <line num="38" count="0" type="stmt"/>
        <line num="39" count="0" type="stmt"/>
        <line num="42" count="72" type="stmt"/>
        <line num="49" count="2" type="stmt"/>
        <line num="56" count="10" type="stmt"/>
      </file>
      <file name="NumberOfEvents.jsx" path="/Users/teal/meet/src/components/NumberOfEvents.jsx">
        <metrics statements="5" coveredstatements="5" conditionals="0" coveredconditionals="0" methods="2" coveredmethods="2"/>
        <line num="5" count="4" type="stmt"/>
        <line num="7" count="23" type="stmt"/>
        <line num="9" count="23" type="stmt"/>
        <line num="11" count="7" type="stmt"/>
        <line num="14" count="23" type="stmt"/>
      </file>
      <file name="event.jsx" path="/Users/teal/meet/src/components/event.jsx">
        <metrics statements="2" coveredstatements="2" conditionals="0" coveredconditionals="0" methods="1" coveredmethods="1"/>
        <line num="4" count="3" type="stmt"/>
        <line num="5" count="161" type="stmt"/>
      </file>
      <file name="eventlist.jsx" path="/Users/teal/meet/src/components/eventlist.jsx">
        <metrics statements="3" coveredstatements="3" conditionals="2" coveredconditionals="2" methods="2" coveredmethods="2"/>
        <line num="5" count="3" type="stmt"/>
        <line num="6" count="15" type="stmt"/>
        <line num="9" count="161" type="stmt"/>
      </file>
    </package>
  </project>
</coverage>
