<?xml version="1.0" encoding="UTF-8"?>
<coverage generated="1743776310042" clover="3.2.0">
  <project timestamp="1743776310042" name="All files">
    <metrics statements="44" coveredstatements="43" conditionals="10" coveredconditionals="9" methods="16" coveredmethods="16" elements="70" coveredelements="68" complexity="0" loc="44" ncloc="44" packages="2" files="7" classes="7"/>
    <package name="src">
      <metrics statements="9" coveredstatements="9" conditionals="0" coveredconditionals="0" methods="4" coveredmethods="4"/>
      <file name="App.jsx" path="/Users/teal/meet/src/App.jsx">
        <metrics statements="2" coveredstatements="2" conditionals="0" coveredconditionals="0" methods="1" coveredmethods="1"/>
        <line num="6" count="2" type="stmt"/>
        <line num="7" count="5" type="stmt"/>
      </file>
      <file name="api.js" path="/Users/teal/meet/src/api.js">
        <metrics statements="6" coveredstatements="6" conditionals="0" coveredconditionals="0" methods="3" coveredmethods="3"/>
        <line num="12" count="2" type="stmt"/>
        <line num="13" count="6" type="stmt"/>
        <line num="14" count="6" type="stmt"/>
        <line num="15" count="6" type="stmt"/>
        <line num="23" count="2" type="stmt"/>
        <line num="24" count="7" type="stmt"/>
      </file>
      <file name="mock-data.js" path="/Users/teal/meet/src/mock-data.js">
        <metrics statements="1" coveredstatements="1" conditionals="0" coveredconditionals="0" methods="0" coveredmethods="0"/>
        <line num="1" count="2" type="stmt"/>
      </file>
    </package>
    <package name="src.components">
      <metrics statements="35" coveredstatements="34" conditionals="10" coveredconditionals="9" methods="12" coveredmethods="12"/>
      <file name="CitySearch.jsx" path="/Users/teal/meet/src/components/CitySearch.jsx">
        <metrics statements="25" coveredstatements="24" conditionals="8" coveredconditionals="7" methods="7" coveredmethods="7"/>
        <line num="3" count="2" type="stmt"/>
        <line num="4" count="62" type="stmt"/>
        <line num="5" count="62" type="stmt"/>
        <line num="6" count="62" type="stmt"/>
        <line num="8" count="62" type="stmt"/>
        <line num="9" count="22" type="cond" truecount="2" falsecount="0"/>
        <line num="12" count="62" type="stmt"/>
        <line num="13" count="42" type="stmt"/>
        <line num="14" count="42" type="cond" truecount="2" falsecount="0"/>
        <line num="15" count="36" type="stmt"/>
        <line num="18" count="6" type="stmt"/>
        <line num="19" count="6" type="stmt"/>
        <line num="22" count="6" type="cond" truecount="1" falsecount="1"/>
        <line num="23" count="6" type="stmt"/>
        <line num="25" count="0" type="stmt"/>
        <line num="27" count="6" type="stmt"/>
        <line num="30" count="62" type="stmt"/>
        <line num="31" count="4" type="stmt"/>
        <line num="32" count="4" type="stmt"/>
        <line num="33" count="4" type="stmt"/>
        <line num="34" count="4" type="stmt"/>
        <line num="35" count="4" type="stmt"/>
        <line num="38" count="62" type="stmt"/>
        <line num="40" count="8" type="stmt"/>
        <line num="44" count="6" type="stmt"/>
      </file>
      <file name="NumberOfEvents.jsx" path="/Users/teal/meet/src/components/NumberOfEvents.jsx">
        <metrics statements="5" coveredstatements="5" conditionals="0" coveredconditionals="0" methods="2" coveredmethods="2"/>
        <line num="5" count="3" type="stmt"/>
        <line num="7" count="16" type="stmt"/>
        <line num="9" count="16" type="stmt"/>
        <line num="11" count="7" type="stmt"/>
        <line num="14" count="16" type="stmt"/>
      </file>
      <file name="event.jsx" path="/Users/teal/meet/src/components/event.jsx">
        <metrics statements="2" coveredstatements="2" conditionals="0" coveredconditionals="0" methods="1" coveredmethods="1"/>
        <line num="4" count="3" type="stmt"/>
        <line num="5" count="2" type="stmt"/>
      </file>
      <file name="eventlist.jsx" path="/Users/teal/meet/src/components/eventlist.jsx">
        <metrics statements="3" coveredstatements="3" conditionals="2" coveredconditionals="2" methods="2" coveredmethods="2"/>
        <line num="5" count="3" type="stmt"/>
        <line num="6" count="8" type="stmt"/>
        <line num="9" count="1" type="stmt"/>
      </file>
    </package>
  </project>
</coverage>
