{"/Users/teal/meet/src/App.jsx": {"path":"/Users/teal/meet/src/App.jsx","statementMap":{"0":{"start":{"line":10,"column":12},"end":{"line":41,"column":1}},"1":{"start":{"line":11,"column":42},"end":{"line":11,"column":54}},"2":{"start":{"line":12,"column":42},"end":{"line":12,"column":54}},"3":{"start":{"line":13,"column":42},"end":{"line":13,"column":54}},"4":{"start":{"line":14,"column":40},"end":{"line":14,"column":66}},"5":{"start":{"line":15,"column":42},"end":{"line":15,"column":54}},"6":{"start":{"line":19,"column":2},"end":{"line":21,"column":20}},"7":{"start":{"line":20,"column":4},"end":{"line":20,"column":16}},"8":{"start":{"line":24,"column":20},"end":{"line":31,"column":3}},"9":{"start":{"line":25,"column":22},"end":{"line":25,"column":39}},"10":{"start":{"line":26,"column":27},"end":{"line":28,"column":63}},"11":{"start":{"line":28,"column":32},"end":{"line":28,"column":62}},"12":{"start":{"line":29,"column":4},"end":{"line":29,"column":51}},"13":{"start":{"line":30,"column":4},"end":{"line":30,"column":49}},"14":{"start":{"line":34,"column":2},"end":{"line":40,"column":4}}},"fnMap":{"0":{"name":"(anonymous_0)","decl":{"start":{"line":10,"column":12},"end":{"line":10,"column":13}},"loc":{"start":{"line":10,"column":18},"end":{"line":41,"column":1}},"line":10},"1":{"name":"(anonymous_1)","decl":{"start":{"line":19,"column":12},"end":{"line":19,"column":13}},"loc":{"start":{"line":19,"column":18},"end":{"line":21,"column":3}},"line":19},"2":{"name":"(anonymous_2)","decl":{"start":{"line":24,"column":20},"end":{"line":24,"column":21}},"loc":{"start":{"line":24,"column":32},"end":{"line":31,"column":3}},"line":24},"3":{"name":"(anonymous_3)","decl":{"start":{"line":28,"column":23},"end":{"line":28,"column":24}},"loc":{"start":{"line":28,"column":32},"end":{"line":28,"column":62}},"line":28}},"branchMap":{"0":{"loc":{"start":{"line":26,"column":27},"end":{"line":28,"column":63}},"type":"cond-expr","locations":[{"start":{"line":27,"column":6},"end":{"line":27,"column":15}},{"start":{"line":28,"column":6},"end":{"line":28,"column":63}}],"line":26}},"s":{"0":3,"1":13,"2":12,"3":12,"4":12,"5":12,"6":12,"7":8,"8":12,"9":8,"10":8,"11":0,"12":8,"13":8,"14":12},"f":{"0":13,"1":8,"2":8,"3":0},"b":{"0":[8,0]},"_coverageSchema":"1a1c01bbd47fc00a2c39e90264f33305004495a9","hash":"bed1b2da95d496f1f53a85a566d991d5978a243a"}
,"/Users/teal/meet/src/api.js": {"path":"/Users/teal/meet/src/api.js","statementMap":{"0":{"start":{"line":12,"column":32},"end":{"line":16,"column":1}},"1":{"start":{"line":13,"column":29},"end":{"line":13,"column":66}},"2":{"start":{"line":13,"column":51},"end":{"line":13,"column":65}},"3":{"start":{"line":14,"column":20},"end":{"line":14,"column":52}},"4":{"start":{"line":15,"column":2},"end":{"line":15,"column":19}},"5":{"start":{"line":23,"column":25},"end":{"line":25,"column":1}},"6":{"start":{"line":24,"column":2},"end":{"line":24,"column":18}}},"fnMap":{"0":{"name":"(anonymous_0)","decl":{"start":{"line":12,"column":32},"end":{"line":12,"column":33}},"loc":{"start":{"line":12,"column":44},"end":{"line":16,"column":1}},"line":12},"1":{"name":"(anonymous_1)","decl":{"start":{"line":13,"column":40},"end":{"line":13,"column":41}},"loc":{"start":{"line":13,"column":51},"end":{"line":13,"column":65}},"line":13},"2":{"name":"(anonymous_2)","decl":{"start":{"line":23,"column":25},"end":{"line":23,"column":26}},"loc":{"start":{"line":23,"column":37},"end":{"line":25,"column":1}},"line":23}},"branchMap":{},"s":{"0":3,"1":9,"2":297,"3":9,"4":9,"5":3,"6":11},"f":{"0":9,"1":297,"2":11},"b":{},"_coverageSchema":"1a1c01bbd47fc00a2c39e90264f33305004495a9","hash":"297bda3d84b34c00f1ef3a791092245fa2916fed"}
,"/Users/teal/meet/src/mock-data.js": {"path":"/Users/teal/meet/src/mock-data.js","statementMap":{"0":{"start":{"line":1,"column":17},"end":{"line":1289,"column":2}}},"fnMap":{},"branchMap":{},"s":{"0":3},"f":{},"b":{},"_coverageSchema":"1a1c01bbd47fc00a2c39e90264f33305004495a9","hash":"7a65624f26f1215c9556510a877b32f8e0145a39"}
,"/Users/teal/meet/src/components/CitySearch.jsx": {"path":"/Users/teal/meet/src/components/CitySearch.jsx","statementMap":{"0":{"start":{"line":5,"column":19},"end":{"line":67,"column":1}},"1":{"start":{"line":6,"column":48},"end":{"line":6,"column":63}},"2":{"start":{"line":7,"column":48},"end":{"line":7,"column":60}},"3":{"start":{"line":8,"column":48},"end":{"line":8,"column":60}},"4":{"start":{"line":11,"column":2},"end":{"line":13,"column":21}},"5":{"start":{"line":12,"column":4},"end":{"line":12,"column":68}},"6":{"start":{"line":15,"column":29},"end":{"line":32,"column":3}},"7":{"start":{"line":16,"column":18},"end":{"line":16,"column":32}},"8":{"start":{"line":17,"column":4},"end":{"line":17,"column":20}},"9":{"start":{"line":19,"column":21},"end":{"line":23,"column":10}},"10":{"start":{"line":21,"column":10},"end":{"line":21,"column":57}},"11":{"start":{"line":25,"column":4},"end":{"line":25,"column":29}},"12":{"start":{"line":27,"column":4},"end":{"line":31,"column":6}},"13":{"start":{"line":34,"column":28},"end":{"line":40,"column":3}},"14":{"start":{"line":35,"column":17},"end":{"line":35,"column":37}},"15":{"start":{"line":36,"column":4},"end":{"line":36,"column":19}},"16":{"start":{"line":37,"column":4},"end":{"line":37,"column":30}},"17":{"start":{"line":38,"column":4},"end":{"line":38,"column":25}},"18":{"start":{"line":39,"column":4},"end":{"line":39,"column":21}},"19":{"start":{"line":42,"column":2},"end":{"line":66,"column":4}},"20":{"start":{"line":49,"column":23},"end":{"line":49,"column":47}},"21":{"start":{"line":56,"column":12},"end":{"line":58,"column":17}}},"fnMap":{"0":{"name":"(anonymous_0)","decl":{"start":{"line":5,"column":19},"end":{"line":5,"column":20}},"loc":{"start":{"line":5,"column":71},"end":{"line":67,"column":1}},"line":5},"1":{"name":"(anonymous_1)","decl":{"start":{"line":11,"column":12},"end":{"line":11,"column":13}},"loc":{"start":{"line":11,"column":18},"end":{"line":13,"column":3}},"line":11},"2":{"name":"(anonymous_2)","decl":{"start":{"line":15,"column":29},"end":{"line":15,"column":30}},"loc":{"start":{"line":15,"column":36},"end":{"line":32,"column":3}},"line":15},"3":{"name":"(anonymous_3)","decl":{"start":{"line":20,"column":28},"end":{"line":20,"column":29}},"loc":{"start":{"line":21,"column":10},"end":{"line":21,"column":57}},"line":21},"4":{"name":"(anonymous_4)","decl":{"start":{"line":34,"column":28},"end":{"line":34,"column":29}},"loc":{"start":{"line":34,"column":39},"end":{"line":40,"column":3}},"line":34},"5":{"name":"(anonymous_5)","decl":{"start":{"line":49,"column":17},"end":{"line":49,"column":18}},"loc":{"start":{"line":49,"column":23},"end":{"line":49,"column":47}},"line":49},"6":{"name":"(anonymous_6)","decl":{"start":{"line":55,"column":27},"end":{"line":55,"column":28}},"loc":{"start":{"line":56,"column":12},"end":{"line":58,"column":17}},"line":56}},"branchMap":{"0":{"loc":{"start":{"line":12,"column":19},"end":{"line":12,"column":66}},"type":"cond-expr","locations":[{"start":{"line":12,"column":49},"end":{"line":12,"column":61}},{"start":{"line":12,"column":64},"end":{"line":12,"column":66}}],"line":12},"1":{"loc":{"start":{"line":19,"column":21},"end":{"line":23,"column":10}},"type":"cond-expr","locations":[{"start":{"line":20,"column":8},"end":{"line":22,"column":9}},{"start":{"line":23,"column":8},"end":{"line":23,"column":10}}],"line":19},"2":{"loc":{"start":{"line":28,"column":6},"end":{"line":30,"column":12}},"type":"cond-expr","locations":[{"start":{"line":29,"column":10},"end":{"line":29,"column":81}},{"start":{"line":30,"column":10},"end":{"line":30,"column":12}}],"line":28},"3":{"loc":{"start":{"line":53,"column":7},"end":{"line":64,"column":7}},"type":"binary-expr","locations":[{"start":{"line":53,"column":7},"end":{"line":53,"column":22}},{"start":{"line":54,"column":8},"end":{"line":63,"column":13}}],"line":53}},"s":{"0":3,"1":72,"2":72,"3":72,"4":72,"5":32,"6":72,"7":6,"8":6,"9":6,"10":12,"11":6,"12":6,"13":72,"14":1,"15":0,"16":0,"17":0,"18":0,"19":72,"20":2,"21":10},"f":{"0":72,"1":32,"2":6,"3":12,"4":1,"5":2,"6":10},"b":{"0":[32,0],"1":[6,0],"2":[0,6],"3":[72,9]},"_coverageSchema":"1a1c01bbd47fc00a2c39e90264f33305004495a9","hash":"fbccef25e0af64ad6aead6e8980909b3bef7b34e"}
,"/Users/teal/meet/src/components/NumberOfEvents.jsx": {"path":"/Users/teal/meet/src/components/NumberOfEvents.jsx","statementMap":{"0":{"start":{"line":5,"column":23},"end":{"line":24,"column":1}},"1":{"start":{"line":7,"column":30},"end":{"line":7,"column":42}},"2":{"start":{"line":9,"column":29},"end":{"line":12,"column":3}},"3":{"start":{"line":11,"column":4},"end":{"line":11,"column":34}},"4":{"start":{"line":14,"column":2},"end":{"line":23,"column":4}}},"fnMap":{"0":{"name":"(anonymous_0)","decl":{"start":{"line":5,"column":23},"end":{"line":5,"column":24}},"loc":{"start":{"line":5,"column":29},"end":{"line":24,"column":1}},"line":5},"1":{"name":"(anonymous_1)","decl":{"start":{"line":9,"column":29},"end":{"line":9,"column":30}},"loc":{"start":{"line":9,"column":40},"end":{"line":12,"column":3}},"line":9}},"branchMap":{},"s":{"0":4,"1":23,"2":23,"3":7,"4":23},"f":{"0":23,"1":7},"b":{},"_coverageSchema":"1a1c01bbd47fc00a2c39e90264f33305004495a9","hash":"703466e92f4acdd0817d8caaa728ec3e1c7d46cf"}
,"/Users/teal/meet/src/components/event.jsx": {"path":"/Users/teal/meet/src/components/event.jsx","statementMap":{"0":{"start":{"line":4,"column":14},"end":{"line":8,"column":1}},"1":{"start":{"line":5,"column":2},"end":{"line":7,"column":4}}},"fnMap":{"0":{"name":"(anonymous_0)","decl":{"start":{"line":4,"column":14},"end":{"line":4,"column":15}},"loc":{"start":{"line":4,"column":20},"end":{"line":8,"column":1}},"line":4}},"branchMap":{},"s":{"0":3,"1":161},"f":{"0":161},"b":{},"_coverageSchema":"1a1c01bbd47fc00a2c39e90264f33305004495a9","hash":"15a5f735b3d1f1f3afe81470d2780a459cd01429"}
,"/Users/teal/meet/src/components/eventlist.jsx": {"path":"/Users/teal/meet/src/components/eventlist.jsx","statementMap":{"0":{"start":{"line":5,"column":18},"end":{"line":13,"column":4}},"1":{"start":{"line":6,"column":4},"end":{"line":12,"column":6}},"2":{"start":{"line":9,"column":30},"end":{"line":9,"column":68}}},"fnMap":{"0":{"name":"(anonymous_0)","decl":{"start":{"line":5,"column":18},"end":{"line":5,"column":19}},"loc":{"start":{"line":5,"column":34},"end":{"line":13,"column":4}},"line":5},"1":{"name":"(anonymous_1)","decl":{"start":{"line":9,"column":21},"end":{"line":9,"column":22}},"loc":{"start":{"line":9,"column":30},"end":{"line":9,"column":68}},"line":9}},"branchMap":{"0":{"loc":{"start":{"line":8,"column":9},"end":{"line":10,"column":14}},"type":"cond-expr","locations":[{"start":{"line":9,"column":10},"end":{"line":9,"column":69}},{"start":{"line":10,"column":10},"end":{"line":10,"column":14}}],"line":8}},"s":{"0":3,"1":15,"2":161},"f":{"0":15,"1":161},"b":{"0":[13,2]},"_coverageSchema":"1a1c01bbd47fc00a2c39e90264f33305004495a9","hash":"cca45560ea9e7a99c4c9cd02dc4c4c3c7b9f6977"}
}
