TN:
SF:src/App.jsx
FN:10,(anonymous_0)
FN:19,(anonymous_1)
FN:24,(anonymous_2)
FN:28,(anonymous_3)
FNF:4
FNH:3
FNDA:13,(anonymous_0)
FNDA:8,(anonymous_1)
FNDA:8,(anonymous_2)
FNDA:0,(anonymous_3)
DA:10,3
DA:11,13
DA:12,12
DA:13,12
DA:14,12
DA:15,12
DA:19,12
DA:20,8
DA:24,12
DA:25,8
DA:26,8
DA:28,0
DA:29,8
DA:30,8
DA:34,12
LF:15
LH:14
BRDA:26,0,0,8
BRDA:26,0,1,0
BRF:2
BRH:1
end_of_record
TN:
SF:src/api.js
FN:12,(anonymous_0)
FN:13,(anonymous_1)
FN:23,(anonymous_2)
FNF:3
FNH:3
FNDA:9,(anonymous_0)
FNDA:297,(anonymous_1)
FNDA:11,(anonymous_2)
DA:12,3
DA:13,297
DA:14,9
DA:15,9
DA:23,3
DA:24,11
LF:6
LH:6
BRF:0
BRH:0
end_of_record
TN:
SF:src/mock-data.js
FNF:0
FNH:0
DA:1,3
LF:1
LH:1
BRF:0
BRH:0
end_of_record
TN:
SF:src/components/CitySearch.jsx
FN:5,(anonymous_0)
FN:11,(anonymous_1)
FN:15,(anonymous_2)
FN:20,(anonymous_3)
FN:34,(anonymous_4)
FN:49,(anonymous_5)
FN:55,(anonymous_6)
FNF:7
FNH:7
FNDA:72,(anonymous_0)
FNDA:32,(anonymous_1)
FNDA:6,(anonymous_2)
FNDA:12,(anonymous_3)
FNDA:1,(anonymous_4)
FNDA:2,(anonymous_5)
FNDA:10,(anonymous_6)
DA:5,3
DA:6,72
DA:7,72
DA:8,72
DA:11,72
DA:12,32
DA:15,72
DA:16,6
DA:17,6
DA:19,6
DA:21,12
DA:25,6
DA:27,6
DA:34,72
DA:35,1
DA:36,0
DA:37,0
DA:38,0
DA:39,0
DA:42,72
DA:49,2
DA:56,10
LF:22
LH:18
BRDA:12,0,0,32
BRDA:12,0,1,0
BRDA:19,1,0,6
BRDA:19,1,1,0
BRDA:28,2,0,0
BRDA:28,2,1,6
BRDA:53,3,0,72
BRDA:53,3,1,9
BRF:8
BRH:5
end_of_record
TN:
SF:src/components/NumberOfEvents.jsx
FN:5,(anonymous_0)
FN:9,(anonymous_1)
FNF:2
FNH:2
FNDA:23,(anonymous_0)
FNDA:7,(anonymous_1)
DA:5,4
DA:7,23
DA:9,23
DA:11,7
DA:14,23
LF:5
LH:5
BRF:0
BRH:0
end_of_record
TN:
SF:src/components/event.jsx
FN:4,(anonymous_0)
FNF:1
FNH:1
FNDA:161,(anonymous_0)
DA:4,3
DA:5,161
LF:2
LH:2
BRF:0
BRH:0
end_of_record
TN:
SF:src/components/eventlist.jsx
FN:5,(anonymous_0)
FN:9,(anonymous_1)
FNF:2
FNH:2
FNDA:15,(anonymous_0)
FNDA:161,(anonymous_1)
DA:5,3
DA:6,15
DA:9,161
LF:3
LH:3
BRDA:8,0,0,13
BRDA:8,0,1,2
BRF:2
BRH:2
end_of_record
