TN:
SF:src/App.jsx
FN:6,(anonymous_0)
FNF:1
FNH:1
FNDA:5,(anonymous_0)
DA:6,2
DA:7,5
LF:2
LH:2
BRF:0
BRH:0
end_of_record
TN:
SF:src/api.js
FN:12,(anonymous_0)
FN:13,(anonymous_1)
FN:23,(anonymous_2)
FNF:3
FNH:3
FNDA:6,(anonymous_0)
FNDA:6,(anonymous_1)
FNDA:7,(anonymous_2)
DA:12,2
DA:13,6
DA:14,6
DA:15,6
DA:23,2
DA:24,7
LF:6
LH:6
BRF:0
BRH:0
end_of_record
TN:
SF:src/mock-data.js
FNF:0
FNH:0
DA:1,2
LF:1
LH:1
BRF:0
BRH:0
end_of_record
TN:
SF:src/components/CitySearch.jsx
FN:3,(anonymous_0)
FN:8,(anonymous_1)
FN:12,(anonymous_2)
FN:14,(anonymous_3)
FN:30,(anonymous_4)
FN:40,(anonymous_5)
FN:43,(anonymous_6)
FNF:7
FNH:7
FNDA:62,(anonymous_0)
FNDA:22,(anonymous_1)
FNDA:42,(anonymous_2)
FNDA:36,(anonymous_3)
FNDA:4,(anonymous_4)
FNDA:8,(anonymous_5)
FNDA:6,(anonymous_6)
DA:3,2
DA:4,62
DA:5,62
DA:6,62
DA:8,62
DA:9,22
DA:12,62
DA:13,42
DA:14,42
DA:15,36
DA:18,6
DA:19,6
DA:22,6
DA:23,6
DA:25,0
DA:27,6
DA:30,62
DA:31,4
DA:32,4
DA:33,4
DA:34,4
DA:35,4
DA:38,62
DA:40,8
DA:44,6
LF:25
LH:24
BRDA:9,0,0,16
BRDA:9,0,1,6
BRDA:14,1,0,36
BRDA:14,1,1,6
BRDA:22,2,0,6
BRDA:22,2,1,0
BRDA:41,3,0,62
BRDA:41,3,1,14
BRF:8
BRH:7
end_of_record
TN:
SF:src/components/NumberOfEvents.jsx
FN:5,(anonymous_0)
FN:9,(anonymous_1)
FNF:2
FNH:2
FNDA:16,(anonymous_0)
FNDA:7,(anonymous_1)
DA:5,3
DA:7,16
DA:9,16
DA:11,7
DA:14,16
LF:5
LH:5
BRF:0
BRH:0
end_of_record
TN:
SF:src/components/event.jsx
FN:4,(anonymous_0)
FNF:1
FNH:1
FNDA:2,(anonymous_0)
DA:4,3
DA:5,2
LF:2
LH:2
BRF:0
BRH:0
end_of_record
TN:
SF:src/components/eventlist.jsx
FN:5,(anonymous_0)
FN:9,(anonymous_1)
FNF:2
FNH:2
FNDA:8,(anonymous_0)
FNDA:1,(anonymous_1)
DA:5,3
DA:6,8
DA:9,1
LF:3
LH:3
BRDA:8,0,0,1
BRDA:8,0,1,7
BRF:2
BRH:2
end_of_record
